<?xml version="1.0" encoding="UTF-8"?>
<testng-results ignored="0" total="1" passed="1" failed="0" skipped="0">
  <reporter-output>
  </reporter-output>
  <suite started-at="2023-07-12T01:02:16 IST" name="Default suite" finished-at="2023-07-12T01:19:12 IST" duration-ms="1015931">
    <groups>
    </groups>
    <test started-at="2023-07-12T01:02:16 IST" name="Default test" finished-at="2023-07-12T01:19:12 IST" duration-ms="1015931">
      <class name="com.test.FormDownloaderTest">
        <test-method is-config="true" signature="setup()[pri:0, instance:com.test.FormDownloaderTest@593aaf41]" started-at="2023-07-12T01:02:16 IST" name="setup" finished-at="2023-07-12T01:02:22 IST" duration-ms="6454" status="PASS">
          <reporter-output>
          </reporter-output>
        </test-method> <!-- setup -->
        <test-method signature="testFormDownload()[pri:0, instance:com.test.FormDownloaderTest@593aaf41]" started-at="2023-07-12T01:02:22 IST" name="testFormDownload" finished-at="2023-07-12T01:18:57 IST" duration-ms="994347" status="PASS">
          <reporter-output>
          </reporter-output>
        </test-method> <!-- testFormDownload -->
        <test-method is-config="true" signature="tearDown()[pri:0, instance:com.test.FormDownloaderTest@593aaf41]" started-at="2023-07-12T01:18:57 IST" name="tearDown" finished-at="2023-07-12T01:19:12 IST" duration-ms="15051" status="PASS">
          <reporter-output>
          </reporter-output>
        </test-method> <!-- tearDown -->
      </class> <!-- com.test.FormDownloaderTest -->
    </test> <!-- Default test -->
  </suite> <!-- Default suite -->
</testng-results>
